<?xml version="1.0" encoding="UTF-8" ?>
<testsuite tests="4" failures="0" name="RunCukesTest" time="1.015" errors="2" skipped="0">
  <properties>
    <property name="java.runtime.name" value="Java(TM) SE Runtime Environment"/>
    <property name="sun.boot.library.path" value="C:\Program Files\Java\jdk1.8.0_144\jre\bin"/>
    <property name="java.vm.version" value="25.144-b01"/>
    <property name="java.vm.vendor" value="Oracle Corporation"/>
    <property name="maven.multiModuleProjectDirectory" value="C:\Users\paul\Cucumber for Java Book\03. MavenExpressiveScenarios\02 Working with data tables -"/>
    <property name="java.vendor.url" value="http://java.oracle.com/"/>
    <property name="path.separator" value=";"/>
    <property name="guice.disable.misplaced.annotation.check" value="true"/>
    <property name="java.vm.name" value="Java HotSpot(TM) 64-Bit Server VM"/>
    <property name="file.encoding.pkg" value="sun.io"/>
    <property name="user.script" value=""/>
    <property name="user.country" value="GB"/>
    <property name="sun.java.launcher" value="SUN_STANDARD"/>
    <property name="sun.os.patch.level" value=""/>
    <property name="java.vm.specification.name" value="Java Virtual Machine Specification"/>
    <property name="user.dir" value="C:\Users\paul\Cucumber for Java Book\03. MavenExpressiveScenarios\02 Working with data tables -"/>
    <property name="java.runtime.version" value="1.8.0_144-b01"/>
    <property name="java.awt.graphicsenv" value="sun.awt.Win32GraphicsEnvironment"/>
    <property name="java.endorsed.dirs" value="C:\Program Files\Java\jdk1.8.0_144\jre\lib\endorsed"/>
    <property name="os.arch" value="amd64"/>
    <property name="java.io.tmpdir" value="C:\Users\paul\AppData\Local\Temp\"/>
    <property name="line.separator" value="
"/>
    <property name="java.vm.specification.vendor" value="Oracle Corporation"/>
    <property name="user.variant" value=""/>
    <property name="os.name" value="Windows 10"/>
    <property name="classworlds.conf" value="C:\Program Files\apache-maven-3.5.3\bin\..\bin\m2.conf"/>
    <property name="sun.jnu.encoding" value="Cp1252"/>
    <property name="java.library.path" value="C:\Program Files\Java\jdk1.8.0_144\bin;C:\WINDOWS\Sun\Java\bin;C:\WINDOWS\system32;C:\WINDOWS;C:\Program Files\HPE\NV\lib\shunra\vcat;C:\Users\paul\Dropbox\Training\java\Workspace\lib;C:\app\murp35\product\12.1.0\dbhome_1\bin;C:\app\pmurphy36hotmail.com\product\bin;C:\app\OraclePaul\product\12.1.0\dbhome_1\bin;C:\app\paul\pmurphy35hotmail.com\product\1210\dbhome1\bin;C:\oraclexe\app\oracle\product\11.2.0\server\bin;C:\ProgramData\Oracle\Java\javapath;C:\WINDOWS\system32;C:\WINDOWS;C:\WINDOWS\System32\Wbem;C:\WINDOWS\System32\WindowsPowerShell\v1.0\;C:\Program Files\Microsoft SQL Server\130\Tools\Binn\;C:\WINDOWS\system32\config\systemprofile\.dnx\bin;C:\Program Files\Microsoft DNX\Dnvm\;C:\Program Files (x86)\GtkSharp\2.12\bin;C:\Program Files\Microsoft SQL Server\Client SDK\ODBC\130\Tools\Binn\;C:\Program Files (x86)\Microsoft SQL Server\130\Tools\Binn\;C:\Program Files\Java\jdk1.8.0_101\bin;C:\Python27;C:\Python27\Scripts;C:\bin;C:\Program Files\MySQL\MySQL Utilities 1.6\;C:\Webservices\axis2-1.6.2\bin;C:\Program Files\Java\jre1.8.0_144\bin;C:\Program Files (x86)\HPE\LoadRunner\strawberry-perl\perl\bin;C:\Program Files\Git\cmd;C:\Program Files (x86)\Calibre2\;C:\Users\paul\AppData\Local\Programs\Python\Python35-32\Scripts\;C:\Users\paul\AppData\Local\Programs\Python\Python35-32\;C:\Users\paul\AppData\Local\Microsoft\WindowsApps;C:\Users\paul\AppData\Local\GitHubDesktop\bin;C:\Users\paul\AppData\Local\atom\bin;C:\Program Files\apache-maven-3.5.3\bin;;."/>
    <property name="maven.conf" value="C:\Program Files\apache-maven-3.5.3\bin\../conf"/>
    <property name="java.specification.name" value="Java Platform API Specification"/>
    <property name="java.class.version" value="52.0"/>
    <property name="sun.management.compiler" value="HotSpot 64-Bit Tiered Compilers"/>
    <property name="os.version" value="10.0"/>
    <property name="library.jansi.path" value="C:\Program Files\apache-maven-3.5.3\bin\..\lib\jansi-native"/>
    <property name="user.home" value="C:\Users\paul"/>
    <property name="user.timezone" value="Europe/London"/>
    <property name="java.awt.printerjob" value="sun.awt.windows.WPrinterJob"/>
    <property name="java.specification.version" value="1.8"/>
    <property name="file.encoding" value="Cp1252"/>
    <property name="user.name" value="paul"/>
    <property name="java.class.path" value="C:\Program Files\apache-maven-3.5.3\bin\..\boot\plexus-classworlds-2.5.2.jar"/>
    <property name="java.vm.specification.version" value="1.8"/>
    <property name="sun.arch.data.model" value="64"/>
    <property name="java.home" value="C:\Program Files\Java\jdk1.8.0_144\jre"/>
    <property name="sun.java.command" value="org.codehaus.plexus.classworlds.launcher.Launcher clean test"/>
    <property name="java.specification.vendor" value="Oracle Corporation"/>
    <property name="user.language" value="en"/>
    <property name="awt.toolkit" value="sun.awt.windows.WToolkit"/>
    <property name="java.vm.info" value="mixed mode"/>
    <property name="java.version" value="1.8.0_144"/>
    <property name="java.ext.dirs" value="C:\Program Files\Java\jdk1.8.0_144\jre\lib\ext;C:\WINDOWS\Sun\Java\lib\ext"/>
    <property name="sun.boot.class.path" value="C:\Program Files\Java\jdk1.8.0_144\jre\lib\resources.jar;C:\Program Files\Java\jdk1.8.0_144\jre\lib\rt.jar;C:\Program Files\Java\jdk1.8.0_144\jre\lib\sunrsasign.jar;C:\Program Files\Java\jdk1.8.0_144\jre\lib\jsse.jar;C:\Program Files\Java\jdk1.8.0_144\jre\lib\jce.jar;C:\Program Files\Java\jdk1.8.0_144\jre\lib\charsets.jar;C:\Program Files\Java\jdk1.8.0_144\jre\lib\jfr.jar;C:\Program Files\Java\jdk1.8.0_144\jre\classes"/>
    <property name="sun.stderr.encoding" value="cp850"/>
    <property name="java.vendor" value="Oracle Corporation"/>
    <property name="maven.home" value="C:\Program Files\apache-maven-3.5.3\bin\.."/>
    <property name="file.separator" value="\"/>
    <property name="java.vendor.url.bug" value="http://bugreport.sun.com/bugreport/"/>
    <property name="sun.cpu.endian" value="little"/>
    <property name="sun.io.unicode.encoding" value="UnicodeLittle"/>
    <property name="sun.stdout.encoding" value="cp850"/>
    <property name="sun.desktop" value="windows"/>
    <property name="sun.cpu.isalist" value="amd64"/>
  </properties>
  <testcase classname="Scenario: " name="Given a board like this:" time="0"/>
  <testcase classname="Scenario: " name="When player x plays in row 2\u002C column 1" time="0"/>
  <testcase classname="Scenario: " name="Then the board should look like this:" time="0">
    <error message="Tables were not identical:
      |   | 1 | 2 | 3 |
      | 1 |   |   |   |
    - | 2 | x |   |   |
    + | 2 |   |   |   |
      | 3 |   |   |   |
" type="cucumber.runtime.table.TableDiffException">cucumber.runtime.table.TableDiffException: Tables were not identical:
      |   | 1 | 2 | 3 |
      | 1 |   |   |   |
    - | 2 | x |   |   |
    + | 2 |   |   |   |
      | 3 |   |   |   |

	at cucumber.runtime.table.TableDiffer.calculateDiffs(TableDiffer.java:38)
	at cucumber.api.DataTable.diff(DataTable.java:178)
	at cucumber.api.DataTable.diff(DataTable.java:168)
	at tic_tac_toe.BoardSteps.theBoardShouldLookLikeThis(BoardSteps.java:24)
	at ✽.Then the board should look like this:(tic_tac_toe.feature:10)
</error>
  </testcase>
  <testcase classname="Scenario: " name="Scenario: " time="0">
    <error message="Tables were not identical:
      |   | 1 | 2 | 3 |
      | 1 |   |   |   |
    - | 2 | x |   |   |
    + | 2 |   |   |   |
      | 3 |   |   |   |
" type="cucumber.runtime.table.TableDiffException">cucumber.runtime.table.TableDiffException: Tables were not identical:
      |   | 1 | 2 | 3 |
      | 1 |   |   |   |
    - | 2 | x |   |   |
    + | 2 |   |   |   |
      | 3 |   |   |   |

	at cucumber.runtime.table.TableDiffer.calculateDiffs(TableDiffer.java:38)
	at cucumber.api.DataTable.diff(DataTable.java:178)
	at cucumber.api.DataTable.diff(DataTable.java:168)
	at tic_tac_toe.BoardSteps.theBoardShouldLookLikeThis(BoardSteps.java:24)
	at ✽.Then the board should look like this:(tic_tac_toe.feature:10)
</error>
  </testcase>
</testsuite>